[2.613s] DEBUG:colcon:Command line arguments: ['/usr/bin/colcon', 'list', '-p', '--base-paths', '/home/johan/robot_ros2']
[2.613s] DEBUG:colcon:Parsed command line arguments: Namespace(log_base=None, log_level=None, verb_name='list', build_base='build', ignore_user_meta=False, metas=['./colcon.meta'], base_paths=['/home/johan/robot_ros2'], packages_ignore=None, packages_ignore_regex=None, paths=None, packages_up_to=None, packages_up_to_regex=None, packages_above=None, packages_above_and_dependencies=None, packages_above_depth=None, packages_select_by_dep=None, packages_skip_by_dep=None, packages_skip_up_to=None, packages_select_build_failed=False, packages_skip_build_finished=False, packages_select_test_failures=False, packages_skip_test_passed=False, packages_select=None, packages_skip=None, packages_select_regex=None, packages_skip_regex=None, packages_start=None, packages_end=None, allow_overriding=[], topological_order=False, names_only=False, paths_only=True, topological_graph=False, topological_graph_dot=False, topological_graph_density=False, topological_graph_legend=False, topological_graph_dot_cluster=False, topological_graph_dot_include_skipped=False, verb_parser=<colcon_defaults.argument_parser.defaults.DefaultArgumentsDecorator object at 0x7fdabe98bca0>, verb_extension=<colcon_package_information.verb.list.ListVerb object at 0x7fdabedcf3d0>, main=<bound method ListVerb.main of <colcon_package_information.verb.list.ListVerb object at 0x7fdabedcf3d0>>)
[2.733s] Level 1:colcon.colcon_core.package_discovery:discover_packages(colcon_meta) check parameters
[2.733s] Level 1:colcon.colcon_core.package_discovery:discover_packages(recursive) check parameters
[2.734s] Level 1:colcon.colcon_core.package_discovery:discover_packages(ignore) check parameters
[2.734s] Level 1:colcon.colcon_core.package_discovery:discover_packages(path) check parameters
[2.734s] Level 1:colcon.colcon_core.package_discovery:discover_packages(recursive) discover
[2.734s] INFO:colcon.colcon_core.package_discovery:Crawling recursively for packages in '/home/johan/robot_ros2'
[2.734s] Level 1:colcon.colcon_core.package_identification:_identify(/home/johan/robot_ros2) by extensions ['ignore', 'ignore_ament_install']
[2.735s] Level 1:colcon.colcon_core.package_identification:_identify(/home/johan/robot_ros2) by extension 'ignore'
[2.735s] Level 1:colcon.colcon_core.package_identification:_identify(/home/johan/robot_ros2) by extension 'ignore_ament_install'
[2.735s] Level 1:colcon.colcon_core.package_identification:_identify(/home/johan/robot_ros2) by extensions ['colcon_pkg']
[2.735s] Level 1:colcon.colcon_core.package_identification:_identify(/home/johan/robot_ros2) by extension 'colcon_pkg'
[2.735s] Level 1:colcon.colcon_core.package_identification:_identify(/home/johan/robot_ros2) by extensions ['colcon_meta']
[2.735s] Level 1:colcon.colcon_core.package_identification:_identify(/home/johan/robot_ros2) by extension 'colcon_meta'
[2.736s] Level 1:colcon.colcon_core.package_identification:_identify(/home/johan/robot_ros2) by extensions ['ros']
[2.736s] Level 1:colcon.colcon_core.package_identification:_identify(/home/johan/robot_ros2) by extension 'ros'
[2.761s] Level 1:colcon.colcon_core.package_identification:_identify(/home/johan/robot_ros2) by extensions ['cmake', 'python']
[2.762s] Level 1:colcon.colcon_core.package_identification:_identify(/home/johan/robot_ros2) by extension 'cmake'
[2.762s] Level 1:colcon.colcon_core.package_identification:_identify(/home/johan/robot_ros2) by extension 'python'
[2.762s] Level 1:colcon.colcon_core.package_identification:_identify(/home/johan/robot_ros2) by extensions ['python_setup_py']
[2.762s] Level 1:colcon.colcon_core.package_identification:_identify(/home/johan/robot_ros2) by extension 'python_setup_py'
[2.763s] Level 1:colcon.colcon_core.package_identification:_identify(/home/johan/robot_ros2/build) by extensions ['ignore', 'ignore_ament_install']
[2.763s] Level 1:colcon.colcon_core.package_identification:_identify(/home/johan/robot_ros2/build) by extension 'ignore'
[2.763s] Level 1:colcon.colcon_core.package_identification:_identify(/home/johan/robot_ros2/build) ignored
[2.763s] Level 1:colcon.colcon_core.package_identification:_identify(/home/johan/robot_ros2/install) by extensions ['ignore', 'ignore_ament_install']
[2.764s] Level 1:colcon.colcon_core.package_identification:_identify(/home/johan/robot_ros2/install) by extension 'ignore'
[2.764s] Level 1:colcon.colcon_core.package_identification:_identify(/home/johan/robot_ros2/install) ignored
[2.764s] Level 1:colcon.colcon_core.package_identification:_identify(/home/johan/robot_ros2/log) by extensions ['ignore', 'ignore_ament_install']
[2.764s] Level 1:colcon.colcon_core.package_identification:_identify(/home/johan/robot_ros2/log) by extension 'ignore'
[2.764s] Level 1:colcon.colcon_core.package_identification:_identify(/home/johan/robot_ros2/log) ignored
[2.765s] Level 1:colcon.colcon_core.package_identification:_identify(/home/johan/robot_ros2/src) by extensions ['ignore', 'ignore_ament_install']
[2.765s] Level 1:colcon.colcon_core.package_identification:_identify(/home/johan/robot_ros2/src) by extension 'ignore'
[2.765s] Level 1:colcon.colcon_core.package_identification:_identify(/home/johan/robot_ros2/src) by extension 'ignore_ament_install'
[2.765s] Level 1:colcon.colcon_core.package_identification:_identify(/home/johan/robot_ros2/src) by extensions ['colcon_pkg']
[2.765s] Level 1:colcon.colcon_core.package_identification:_identify(/home/johan/robot_ros2/src) by extension 'colcon_pkg'
[2.766s] Level 1:colcon.colcon_core.package_identification:_identify(/home/johan/robot_ros2/src) by extensions ['colcon_meta']
[2.766s] Level 1:colcon.colcon_core.package_identification:_identify(/home/johan/robot_ros2/src) by extension 'colcon_meta'
[2.766s] Level 1:colcon.colcon_core.package_identification:_identify(/home/johan/robot_ros2/src) by extensions ['ros']
[2.766s] Level 1:colcon.colcon_core.package_identification:_identify(/home/johan/robot_ros2/src) by extension 'ros'
[2.766s] Level 1:colcon.colcon_core.package_identification:_identify(/home/johan/robot_ros2/src) by extensions ['cmake', 'python']
[2.766s] Level 1:colcon.colcon_core.package_identification:_identify(/home/johan/robot_ros2/src) by extension 'cmake'
[2.766s] Level 1:colcon.colcon_core.package_identification:_identify(/home/johan/robot_ros2/src) by extension 'python'
[2.767s] Level 1:colcon.colcon_core.package_identification:_identify(/home/johan/robot_ros2/src) by extensions ['python_setup_py']
[2.767s] Level 1:colcon.colcon_core.package_identification:_identify(/home/johan/robot_ros2/src) by extension 'python_setup_py'
[2.767s] Level 1:colcon.colcon_core.package_identification:_identify(/home/johan/robot_ros2/src/sam_bot_description) by extensions ['ignore', 'ignore_ament_install']
[2.767s] Level 1:colcon.colcon_core.package_identification:_identify(/home/johan/robot_ros2/src/sam_bot_description) by extension 'ignore'
[2.767s] Level 1:colcon.colcon_core.package_identification:_identify(/home/johan/robot_ros2/src/sam_bot_description) by extension 'ignore_ament_install'
[2.768s] Level 1:colcon.colcon_core.package_identification:_identify(/home/johan/robot_ros2/src/sam_bot_description) by extensions ['colcon_pkg']
[2.768s] Level 1:colcon.colcon_core.package_identification:_identify(/home/johan/robot_ros2/src/sam_bot_description) by extension 'colcon_pkg'
[2.768s] Level 1:colcon.colcon_core.package_identification:_identify(/home/johan/robot_ros2/src/sam_bot_description) by extensions ['colcon_meta']
[2.768s] Level 1:colcon.colcon_core.package_identification:_identify(/home/johan/robot_ros2/src/sam_bot_description) by extension 'colcon_meta'
[2.768s] Level 1:colcon.colcon_core.package_identification:_identify(/home/johan/robot_ros2/src/sam_bot_description) by extensions ['ros']
[2.768s] Level 1:colcon.colcon_core.package_identification:_identify(/home/johan/robot_ros2/src/sam_bot_description) by extension 'ros'
[2.773s] DEBUG:colcon.colcon_core.package_identification:Package '/home/johan/robot_ros2/src/sam_bot_description' with type 'ros.ament_cmake' and name 'sam_bot_description'
[2.773s] Level 1:colcon.colcon_core.package_discovery:discover_packages(recursive) using defaults
