[0.191s] Invoking command in '/home/johan/robot_ros2/build/sam_bot_description': CMAKE_PREFIX_PATH=${CMAKE_PREFIX_PATH}:/opt/ros/humble /usr/bin/cmake --build /home/johan/robot_ros2/build/sam_bot_description -- -j8 -l8
[0.240s] -- Found ament_cmake: 1.3.5 (/opt/ros/humble/share/ament_cmake/cmake)
[0.565s] -- Found ament_lint_auto: 0.12.8 (/opt/ros/humble/share/ament_lint_auto/cmake)
[0.728s] -- Added test 'flake8' to check Python code syntax and style conventions
[0.731s] -- Added test 'lint_cmake' to check CMake code style
[0.732s] -- Added test 'pep257' to check Python code against some of the docstring style conventions in PEP 257
[0.739s] -- Added test 'xmllint' to check XML markup files
[0.740s] -- Configuring done
[0.751s] -- Generating done
[0.755s] -- Build files have been written to: /home/johan/robot_ros2/build/sam_bot_description
[0.815s] Invoked command in '/home/johan/robot_ros2/build/sam_bot_description' returned '0': CMAKE_PREFIX_PATH=${CMAKE_PREFIX_PATH}:/opt/ros/humble /usr/bin/cmake --build /home/johan/robot_ros2/build/sam_bot_description -- -j8 -l8
[0.941s] Invoking command in '/home/johan/robot_ros2/build/sam_bot_description': CMAKE_PREFIX_PATH=${CMAKE_PREFIX_PATH}:/opt/ros/humble /usr/bin/cmake --install /home/johan/robot_ros2/build/sam_bot_description
[0.964s] -- Install configuration: ""
[0.965s] -- Up-to-date: /home/johan/robot_ros2/install/sam_bot_description/share/sam_bot_description/src
[0.965s] -- Up-to-date: /home/johan/robot_ros2/install/sam_bot_description/share/sam_bot_description/src/description
[0.966s] -- Up-to-date: /home/johan/robot_ros2/install/sam_bot_description/share/sam_bot_description/src/description/sam_bot_description.urdf
[0.967s] -- Up-to-date: /home/johan/robot_ros2/install/sam_bot_description/share/sam_bot_description/launch
[0.967s] -- Installing: /home/johan/robot_ros2/install/sam_bot_description/share/sam_bot_description/launch/display.launch.py
[0.967s] -- Up-to-date: /home/johan/robot_ros2/install/sam_bot_description/share/sam_bot_description/rviz
[0.968s] -- Up-to-date: /home/johan/robot_ros2/install/sam_bot_description/share/sam_bot_description/rviz/urdf_config.rviz
[0.968s] -- Installing: /home/johan/robot_ros2/install/sam_bot_description/share/sam_bot_description/config
[0.969s] -- Installing: /home/johan/robot_ros2/install/sam_bot_description/share/sam_bot_description/config/ekf.yaml
[0.969s] -- Installing: /home/johan/robot_ros2/install/sam_bot_description/share/ament_index/resource_index/package_run_dependencies/sam_bot_description
[0.969s] -- Installing: /home/johan/robot_ros2/install/sam_bot_description/share/ament_index/resource_index/parent_prefix_path/sam_bot_description
[0.969s] -- Up-to-date: /home/johan/robot_ros2/install/sam_bot_description/share/sam_bot_description/environment/ament_prefix_path.sh
[0.970s] -- Installing: /home/johan/robot_ros2/install/sam_bot_description/share/sam_bot_description/environment/ament_prefix_path.dsv
[0.970s] -- Up-to-date: /home/johan/robot_ros2/install/sam_bot_description/share/sam_bot_description/environment/path.sh
[0.970s] -- Installing: /home/johan/robot_ros2/install/sam_bot_description/share/sam_bot_description/environment/path.dsv
[0.971s] -- Up-to-date: /home/johan/robot_ros2/install/sam_bot_description/share/sam_bot_description/local_setup.bash
[0.972s] -- Up-to-date: /home/johan/robot_ros2/install/sam_bot_description/share/sam_bot_description/local_setup.sh
[0.972s] -- Up-to-date: /home/johan/robot_ros2/install/sam_bot_description/share/sam_bot_description/local_setup.zsh
[0.972s] -- Installing: /home/johan/robot_ros2/install/sam_bot_description/share/sam_bot_description/local_setup.dsv
[0.972s] -- Installing: /home/johan/robot_ros2/install/sam_bot_description/share/sam_bot_description/package.dsv
[0.973s] -- Up-to-date: /home/johan/robot_ros2/install/sam_bot_description/share/ament_index/resource_index/packages/sam_bot_description
[0.973s] -- Up-to-date: /home/johan/robot_ros2/install/sam_bot_description/share/sam_bot_description/cmake/sam_bot_descriptionConfig.cmake
[0.973s] -- Up-to-date: /home/johan/robot_ros2/install/sam_bot_description/share/sam_bot_description/cmake/sam_bot_descriptionConfig-version.cmake
[0.973s] -- Installing: /home/johan/robot_ros2/install/sam_bot_description/share/sam_bot_description/package.xml
[0.977s] Invoked command in '/home/johan/robot_ros2/build/sam_bot_description' returned '0': CMAKE_PREFIX_PATH=${CMAKE_PREFIX_PATH}:/opt/ros/humble /usr/bin/cmake --install /home/johan/robot_ros2/build/sam_bot_description
