[2.617s] DEBUG:colcon:Command line arguments: ['/usr/bin/colcon', 'build']
[2.617s] DEBUG:colcon:Parsed command line arguments: Namespace(log_base=None, log_level=None, verb_name='build', build_base='build', install_base='install', merge_install=False, symlink_install=False, test_result_base=None, continue_on_error=False, executor='parallel', parallel_workers=8, event_handlers=None, ignore_user_meta=False, metas=['./colcon.meta'], base_paths=['.'], packages_ignore=None, packages_ignore_regex=None, paths=None, packages_up_to=None, packages_up_to_regex=None, packages_above=None, packages_above_and_dependencies=None, packages_above_depth=None, packages_select_by_dep=None, packages_skip_by_dep=None, packages_skip_up_to=None, packages_select_build_failed=False, packages_skip_build_finished=False, packages_select_test_failures=False, packages_skip_test_passed=False, packages_select=None, packages_skip=None, packages_select_regex=None, packages_skip_regex=None, packages_start=None, packages_end=None, allow_overriding=[], cmake_args=None, cmake_target=None, cmake_target_skip_unavailable=False, cmake_clean_cache=False, cmake_clean_first=False, cmake_force_configure=False, ament_cmake_args=None, catkin_cmake_args=None, catkin_skip_building_tests=False, verb_parser=<colcon_defaults.argument_parser.defaults.DefaultArgumentsDecorator object at 0x7ff2ad992b00>, verb_extension=<colcon_core.verb.build.BuildVerb object at 0x7ff2ad9913c0>, main=<bound method BuildVerb.main of <colcon_core.verb.build.BuildVerb object at 0x7ff2ad9913c0>>)
[2.727s] Level 1:colcon.colcon_core.package_discovery:discover_packages(colcon_meta) check parameters
[2.728s] Level 1:colcon.colcon_core.package_discovery:discover_packages(recursive) check parameters
[2.728s] Level 1:colcon.colcon_core.package_discovery:discover_packages(ignore) check parameters
[2.728s] Level 1:colcon.colcon_core.package_discovery:discover_packages(path) check parameters
[2.728s] Level 1:colcon.colcon_core.package_discovery:discover_packages(colcon_meta) discover
[2.728s] Level 1:colcon.colcon_core.package_discovery:discover_packages(recursive) discover
[2.728s] INFO:colcon.colcon_core.package_discovery:Crawling recursively for packages in '/home/johan/robot_ros2'
[2.729s] Level 1:colcon.colcon_core.package_identification:_identify(.) by extensions ['ignore', 'ignore_ament_install']
[2.729s] Level 1:colcon.colcon_core.package_identification:_identify(.) by extension 'ignore'
[2.729s] Level 1:colcon.colcon_core.package_identification:_identify(.) by extension 'ignore_ament_install'
[2.729s] Level 1:colcon.colcon_core.package_identification:_identify(.) by extensions ['colcon_pkg']
[2.729s] Level 1:colcon.colcon_core.package_identification:_identify(.) by extension 'colcon_pkg'
[2.729s] Level 1:colcon.colcon_core.package_identification:_identify(.) by extensions ['colcon_meta']
[2.730s] Level 1:colcon.colcon_core.package_identification:_identify(.) by extension 'colcon_meta'
[2.730s] Level 1:colcon.colcon_core.package_identification:_identify(.) by extensions ['ros']
[2.730s] Level 1:colcon.colcon_core.package_identification:_identify(.) by extension 'ros'
[2.756s] Level 1:colcon.colcon_core.package_identification:_identify(.) by extensions ['cmake', 'python']
[2.756s] Level 1:colcon.colcon_core.package_identification:_identify(.) by extension 'cmake'
[2.756s] Level 1:colcon.colcon_core.package_identification:_identify(.) by extension 'python'
[2.756s] Level 1:colcon.colcon_core.package_identification:_identify(.) by extensions ['python_setup_py']
[2.756s] Level 1:colcon.colcon_core.package_identification:_identify(.) by extension 'python_setup_py'
[2.757s] Level 1:colcon.colcon_core.package_identification:_identify(build) by extensions ['ignore', 'ignore_ament_install']
[2.757s] Level 1:colcon.colcon_core.package_identification:_identify(build) by extension 'ignore'
[2.757s] Level 1:colcon.colcon_core.package_identification:_identify(build) ignored
[2.758s] Level 1:colcon.colcon_core.package_identification:_identify(install) by extensions ['ignore', 'ignore_ament_install']
[2.758s] Level 1:colcon.colcon_core.package_identification:_identify(install) by extension 'ignore'
[2.758s] Level 1:colcon.colcon_core.package_identification:_identify(install) ignored
[2.758s] Level 1:colcon.colcon_core.package_identification:_identify(log) by extensions ['ignore', 'ignore_ament_install']
[2.758s] Level 1:colcon.colcon_core.package_identification:_identify(log) by extension 'ignore'
[2.758s] Level 1:colcon.colcon_core.package_identification:_identify(log) ignored
[2.759s] Level 1:colcon.colcon_core.package_identification:_identify(src) by extensions ['ignore', 'ignore_ament_install']
[2.759s] Level 1:colcon.colcon_core.package_identification:_identify(src) by extension 'ignore'
[2.759s] Level 1:colcon.colcon_core.package_identification:_identify(src) by extension 'ignore_ament_install'
[2.759s] Level 1:colcon.colcon_core.package_identification:_identify(src) by extensions ['colcon_pkg']
[2.759s] Level 1:colcon.colcon_core.package_identification:_identify(src) by extension 'colcon_pkg'
[2.759s] Level 1:colcon.colcon_core.package_identification:_identify(src) by extensions ['colcon_meta']
[2.759s] Level 1:colcon.colcon_core.package_identification:_identify(src) by extension 'colcon_meta'
[2.760s] Level 1:colcon.colcon_core.package_identification:_identify(src) by extensions ['ros']
[2.760s] Level 1:colcon.colcon_core.package_identification:_identify(src) by extension 'ros'
[2.760s] Level 1:colcon.colcon_core.package_identification:_identify(src) by extensions ['cmake', 'python']
[2.760s] Level 1:colcon.colcon_core.package_identification:_identify(src) by extension 'cmake'
[2.760s] Level 1:colcon.colcon_core.package_identification:_identify(src) by extension 'python'
[2.760s] Level 1:colcon.colcon_core.package_identification:_identify(src) by extensions ['python_setup_py']
[2.760s] Level 1:colcon.colcon_core.package_identification:_identify(src) by extension 'python_setup_py'
[2.761s] Level 1:colcon.colcon_core.package_identification:_identify(src/sam_bot_description) by extensions ['ignore', 'ignore_ament_install']
[2.761s] Level 1:colcon.colcon_core.package_identification:_identify(src/sam_bot_description) by extension 'ignore'
[2.761s] Level 1:colcon.colcon_core.package_identification:_identify(src/sam_bot_description) by extension 'ignore_ament_install'
[2.761s] Level 1:colcon.colcon_core.package_identification:_identify(src/sam_bot_description) by extensions ['colcon_pkg']
[2.761s] Level 1:colcon.colcon_core.package_identification:_identify(src/sam_bot_description) by extension 'colcon_pkg'
[2.761s] Level 1:colcon.colcon_core.package_identification:_identify(src/sam_bot_description) by extensions ['colcon_meta']
[2.761s] Level 1:colcon.colcon_core.package_identification:_identify(src/sam_bot_description) by extension 'colcon_meta'
[2.762s] Level 1:colcon.colcon_core.package_identification:_identify(src/sam_bot_description) by extensions ['ros']
[2.762s] Level 1:colcon.colcon_core.package_identification:_identify(src/sam_bot_description) by extension 'ros'
[2.766s] DEBUG:colcon.colcon_core.package_identification:Package 'src/sam_bot_description' with type 'ros.ament_cmake' and name 'sam_bot_description'
[2.767s] Level 1:colcon.colcon_core.package_discovery:discover_packages(recursive) using defaults
[2.767s] Level 1:colcon.colcon_core.package_discovery:discover_packages(ignore) discover
[2.767s] Level 1:colcon.colcon_core.package_discovery:discover_packages(ignore) using defaults
[2.767s] Level 1:colcon.colcon_core.package_discovery:discover_packages(path) discover
[2.767s] Level 1:colcon.colcon_core.package_discovery:discover_packages(path) using defaults
[2.986s] Level 1:colcon.colcon_core.package_discovery:discover_packages(prefix_path) check parameters
[2.986s] Level 1:colcon.colcon_core.package_discovery:discover_packages(prefix_path) discover
[3.062s] DEBUG:colcon.colcon_installed_package_information.package_discovery:Found 1 installed packages in /home/johan/robot_ros2/install
[3.104s] DEBUG:colcon.colcon_installed_package_information.package_discovery:Found 370 installed packages in /opt/ros/humble
[3.108s] Level 1:colcon.colcon_core.package_discovery:discover_packages(prefix_path) using defaults
[3.397s] Level 5:colcon.colcon_core.verb:set package 'sam_bot_description' build argument 'cmake_args' from command line to 'None'
[3.397s] Level 5:colcon.colcon_core.verb:set package 'sam_bot_description' build argument 'cmake_target' from command line to 'None'
[3.398s] Level 5:colcon.colcon_core.verb:set package 'sam_bot_description' build argument 'cmake_target_skip_unavailable' from command line to 'False'
[3.398s] Level 5:colcon.colcon_core.verb:set package 'sam_bot_description' build argument 'cmake_clean_cache' from command line to 'False'
[3.398s] Level 5:colcon.colcon_core.verb:set package 'sam_bot_description' build argument 'cmake_clean_first' from command line to 'False'
[3.398s] Level 5:colcon.colcon_core.verb:set package 'sam_bot_description' build argument 'cmake_force_configure' from command line to 'False'
[3.398s] Level 5:colcon.colcon_core.verb:set package 'sam_bot_description' build argument 'ament_cmake_args' from command line to 'None'
[3.398s] Level 5:colcon.colcon_core.verb:set package 'sam_bot_description' build argument 'catkin_cmake_args' from command line to 'None'
[3.398s] Level 5:colcon.colcon_core.verb:set package 'sam_bot_description' build argument 'catkin_skip_building_tests' from command line to 'False'
[3.398s] DEBUG:colcon.colcon_core.verb:Building package 'sam_bot_description' with the following arguments: {'ament_cmake_args': None, 'build_base': '/home/johan/robot_ros2/build/sam_bot_description', 'catkin_cmake_args': None, 'catkin_skip_building_tests': False, 'cmake_args': None, 'cmake_clean_cache': False, 'cmake_clean_first': False, 'cmake_force_configure': False, 'cmake_target': None, 'cmake_target_skip_unavailable': False, 'install_base': '/home/johan/robot_ros2/install/sam_bot_description', 'merge_install': False, 'path': '/home/johan/robot_ros2/src/sam_bot_description', 'symlink_install': False, 'test_result_base': None}
[3.436s] INFO:colcon.colcon_core.executor:Executing jobs using 'parallel' executor
[3.475s] DEBUG:colcon.colcon_parallel_executor.executor.parallel:run_until_complete
[3.475s] INFO:colcon.colcon_ros.task.ament_cmake.build:Building ROS package in '/home/johan/robot_ros2/src/sam_bot_description' with build type 'ament_cmake'
[3.476s] INFO:colcon.colcon_cmake.task.cmake.build:Building CMake package in '/home/johan/robot_ros2/src/sam_bot_description'
[3.520s] INFO:colcon.colcon_core.plugin_system:Skipping extension 'colcon_core.shell.bat': Not used on non-Windows systems
[3.520s] INFO:colcon.colcon_core.shell:Skip shell extension 'powershell' for command environment: Not usable outside of PowerShell
[3.520s] DEBUG:colcon.colcon_core.shell:Skip shell extension 'dsv' for command environment
[3.668s] DEBUG:colcon.colcon_core.event_handler.log_command:Invoking command in '/home/johan/robot_ros2/build/sam_bot_description': CMAKE_PREFIX_PATH=${CMAKE_PREFIX_PATH}:/opt/ros/humble /usr/bin/cmake --build /home/johan/robot_ros2/build/sam_bot_description -- -j8 -l8
[4.292s] DEBUG:colcon.colcon_core.event_handler.log_command:Invoked command in '/home/johan/robot_ros2/build/sam_bot_description' returned '0': CMAKE_PREFIX_PATH=${CMAKE_PREFIX_PATH}:/opt/ros/humble /usr/bin/cmake --build /home/johan/robot_ros2/build/sam_bot_description -- -j8 -l8
[4.418s] DEBUG:colcon.colcon_core.event_handler.log_command:Invoking command in '/home/johan/robot_ros2/build/sam_bot_description': CMAKE_PREFIX_PATH=${CMAKE_PREFIX_PATH}:/opt/ros/humble /usr/bin/cmake --install /home/johan/robot_ros2/build/sam_bot_description
[4.453s] Level 1:colcon.colcon_core.environment:create_environment_scripts_only(sam_bot_description)
[4.454s] DEBUG:colcon.colcon_core.event_handler.log_command:Invoked command in '/home/johan/robot_ros2/build/sam_bot_description' returned '0': CMAKE_PREFIX_PATH=${CMAKE_PREFIX_PATH}:/opt/ros/humble /usr/bin/cmake --install /home/johan/robot_ros2/build/sam_bot_description
[4.493s] Level 1:colcon.colcon_core.environment:checking '/home/johan/robot_ros2/install/sam_bot_description' for CMake module files
[4.494s] Level 1:colcon.colcon_core.environment:checking '/home/johan/robot_ros2/install/sam_bot_description' for CMake config files
[4.494s] Level 1:colcon.colcon_core.shell:create_environment_hook('sam_bot_description', 'cmake_prefix_path')
[4.514s] INFO:colcon.colcon_core.shell:Creating environment hook '/home/johan/robot_ros2/install/sam_bot_description/share/sam_bot_description/hook/cmake_prefix_path.ps1'
[4.515s] INFO:colcon.colcon_core.shell:Creating environment descriptor '/home/johan/robot_ros2/install/sam_bot_description/share/sam_bot_description/hook/cmake_prefix_path.dsv'
[4.516s] INFO:colcon.colcon_core.shell:Creating environment hook '/home/johan/robot_ros2/install/sam_bot_description/share/sam_bot_description/hook/cmake_prefix_path.sh'
[4.517s] Level 1:colcon.colcon_core.environment:checking '/home/johan/robot_ros2/install/sam_bot_description/bin'
[4.517s] Level 1:colcon.colcon_core.environment:checking '/home/johan/robot_ros2/install/sam_bot_description/lib/pkgconfig/sam_bot_description.pc'
[4.517s] Level 1:colcon.colcon_core.environment:checking '/home/johan/robot_ros2/install/sam_bot_description/lib/python3.10/site-packages'
[4.517s] Level 1:colcon.colcon_core.environment:checking '/home/johan/robot_ros2/install/sam_bot_description/bin'
[4.556s] INFO:colcon.colcon_core.shell:Creating package script '/home/johan/robot_ros2/install/sam_bot_description/share/sam_bot_description/package.ps1'
[4.559s] INFO:colcon.colcon_core.shell:Creating package descriptor '/home/johan/robot_ros2/install/sam_bot_description/share/sam_bot_description/package.dsv'
[4.560s] INFO:colcon.colcon_core.shell:Creating package script '/home/johan/robot_ros2/install/sam_bot_description/share/sam_bot_description/package.sh'
[4.562s] INFO:colcon.colcon_core.shell:Creating package script '/home/johan/robot_ros2/install/sam_bot_description/share/sam_bot_description/package.bash'
[4.564s] INFO:colcon.colcon_core.shell:Creating package script '/home/johan/robot_ros2/install/sam_bot_description/share/sam_bot_description/package.zsh'
[4.566s] Level 1:colcon.colcon_core.environment:create_file_with_runtime_dependencies(/home/johan/robot_ros2/install/sam_bot_description/share/colcon-core/packages/sam_bot_description)
[4.724s] Level 1:colcon.colcon_core.environment:create_environment_scripts_only(sam_bot_description)
[4.766s] Level 1:colcon.colcon_core.environment:checking '/home/johan/robot_ros2/install/sam_bot_description' for CMake module files
[4.768s] Level 1:colcon.colcon_core.environment:checking '/home/johan/robot_ros2/install/sam_bot_description' for CMake config files
[4.768s] Level 1:colcon.colcon_core.shell:create_environment_hook('sam_bot_description', 'cmake_prefix_path')
[4.807s] INFO:colcon.colcon_core.shell:Creating environment hook '/home/johan/robot_ros2/install/sam_bot_description/share/sam_bot_description/hook/cmake_prefix_path.ps1'
[4.808s] INFO:colcon.colcon_core.shell:Creating environment descriptor '/home/johan/robot_ros2/install/sam_bot_description/share/sam_bot_description/hook/cmake_prefix_path.dsv'
[4.809s] INFO:colcon.colcon_core.shell:Creating environment hook '/home/johan/robot_ros2/install/sam_bot_description/share/sam_bot_description/hook/cmake_prefix_path.sh'
[4.811s] Level 1:colcon.colcon_core.environment:checking '/home/johan/robot_ros2/install/sam_bot_description/bin'
[4.811s] Level 1:colcon.colcon_core.environment:checking '/home/johan/robot_ros2/install/sam_bot_description/lib/pkgconfig/sam_bot_description.pc'
[4.812s] Level 1:colcon.colcon_core.environment:checking '/home/johan/robot_ros2/install/sam_bot_description/lib/python3.10/site-packages'
[4.812s] Level 1:colcon.colcon_core.environment:checking '/home/johan/robot_ros2/install/sam_bot_description/bin'
[4.853s] INFO:colcon.colcon_core.shell:Creating package script '/home/johan/robot_ros2/install/sam_bot_description/share/sam_bot_description/package.ps1'
[4.855s] INFO:colcon.colcon_core.shell:Creating package descriptor '/home/johan/robot_ros2/install/sam_bot_description/share/sam_bot_description/package.dsv'
[4.857s] INFO:colcon.colcon_core.shell:Creating package script '/home/johan/robot_ros2/install/sam_bot_description/share/sam_bot_description/package.sh'
[4.858s] INFO:colcon.colcon_core.shell:Creating package script '/home/johan/robot_ros2/install/sam_bot_description/share/sam_bot_description/package.bash'
[4.859s] INFO:colcon.colcon_core.shell:Creating package script '/home/johan/robot_ros2/install/sam_bot_description/share/sam_bot_description/package.zsh'
[4.861s] Level 1:colcon.colcon_core.environment:create_file_with_runtime_dependencies(/home/johan/robot_ros2/install/sam_bot_description/share/colcon-core/packages/sam_bot_description)
[4.862s] DEBUG:colcon.colcon_parallel_executor.executor.parallel:closing loop
[4.864s] DEBUG:colcon.colcon_parallel_executor.executor.parallel:loop closed
[4.864s] DEBUG:colcon.colcon_parallel_executor.executor.parallel:run_until_complete finished with '0'
[4.864s] DEBUG:colcon.colcon_core.event_reactor:joining thread
[4.920s] INFO:colcon.colcon_core.plugin_system:Skipping extension 'colcon_notification.desktop_notification.terminal_notifier': Not used on non-Darwin systems
[4.920s] INFO:colcon.colcon_core.plugin_system:Skipping extension 'colcon_notification.desktop_notification.win32': Not used on non-Windows systems
[4.920s] INFO:colcon.colcon_notification.desktop_notification:Sending desktop notification using 'notify2'
[4.949s] DEBUG:colcon.colcon_core.event_reactor:joined thread
[5.000s] INFO:colcon.colcon_core.shell:Creating prefix script '/home/johan/robot_ros2/install/local_setup.ps1'
[5.002s] INFO:colcon.colcon_core.shell:Creating prefix util module '/home/johan/robot_ros2/install/_local_setup_util_ps1.py'
[5.005s] INFO:colcon.colcon_core.shell:Creating prefix chain script '/home/johan/robot_ros2/install/setup.ps1'
[5.045s] INFO:colcon.colcon_core.shell:Creating prefix script '/home/johan/robot_ros2/install/local_setup.sh'
[5.046s] INFO:colcon.colcon_core.shell:Creating prefix util module '/home/johan/robot_ros2/install/_local_setup_util_sh.py'
[5.048s] INFO:colcon.colcon_core.shell:Creating prefix chain script '/home/johan/robot_ros2/install/setup.sh'
[5.093s] INFO:colcon.colcon_core.shell:Creating prefix script '/home/johan/robot_ros2/install/local_setup.bash'
[5.095s] INFO:colcon.colcon_core.shell:Creating prefix chain script '/home/johan/robot_ros2/install/setup.bash'
[5.133s] INFO:colcon.colcon_core.shell:Creating prefix script '/home/johan/robot_ros2/install/local_setup.zsh'
[5.135s] INFO:colcon.colcon_core.shell:Creating prefix chain script '/home/johan/robot_ros2/install/setup.zsh'
