[2.583s] DEBUG:colcon:Command line arguments: ['/usr/bin/colcon', 'build']
[2.583s] DEBUG:colcon:Parsed command line arguments: Namespace(log_base=None, log_level=None, verb_name='build', build_base='build', install_base='install', merge_install=False, symlink_install=False, test_result_base=None, continue_on_error=False, executor='parallel', parallel_workers=8, event_handlers=None, ignore_user_meta=False, metas=['./colcon.meta'], base_paths=['.'], packages_ignore=None, packages_ignore_regex=None, paths=None, packages_up_to=None, packages_up_to_regex=None, packages_above=None, packages_above_and_dependencies=None, packages_above_depth=None, packages_select_by_dep=None, packages_skip_by_dep=None, packages_skip_up_to=None, packages_select_build_failed=False, packages_skip_build_finished=False, packages_select_test_failures=False, packages_skip_test_passed=False, packages_select=None, packages_skip=None, packages_select_regex=None, packages_skip_regex=None, packages_start=None, packages_end=None, allow_overriding=[], cmake_args=None, cmake_target=None, cmake_target_skip_unavailable=False, cmake_clean_cache=False, cmake_clean_first=False, cmake_force_configure=False, ament_cmake_args=None, catkin_cmake_args=None, catkin_skip_building_tests=False, verb_parser=<colcon_defaults.argument_parser.defaults.DefaultArgumentsDecorator object at 0x7fa95f78ece0>, verb_extension=<colcon_core.verb.build.BuildVerb object at 0x7fa95f78de70>, main=<bound method BuildVerb.main of <colcon_core.verb.build.BuildVerb object at 0x7fa95f78de70>>)
[2.705s] Level 1:colcon.colcon_core.package_discovery:discover_packages(colcon_meta) check parameters
[2.705s] Level 1:colcon.colcon_core.package_discovery:discover_packages(recursive) check parameters
[2.705s] Level 1:colcon.colcon_core.package_discovery:discover_packages(ignore) check parameters
[2.705s] Level 1:colcon.colcon_core.package_discovery:discover_packages(path) check parameters
[2.705s] Level 1:colcon.colcon_core.package_discovery:discover_packages(colcon_meta) discover
[2.706s] Level 1:colcon.colcon_core.package_discovery:discover_packages(recursive) discover
[2.706s] INFO:colcon.colcon_core.package_discovery:Crawling recursively for packages in '/home/johan/robot_ros2'
[2.706s] Level 1:colcon.colcon_core.package_identification:_identify(.) by extensions ['ignore', 'ignore_ament_install']
[2.706s] Level 1:colcon.colcon_core.package_identification:_identify(.) by extension 'ignore'
[2.707s] Level 1:colcon.colcon_core.package_identification:_identify(.) by extension 'ignore_ament_install'
[2.707s] Level 1:colcon.colcon_core.package_identification:_identify(.) by extensions ['colcon_pkg']
[2.707s] Level 1:colcon.colcon_core.package_identification:_identify(.) by extension 'colcon_pkg'
[2.707s] Level 1:colcon.colcon_core.package_identification:_identify(.) by extensions ['colcon_meta']
[2.707s] Level 1:colcon.colcon_core.package_identification:_identify(.) by extension 'colcon_meta'
[2.707s] Level 1:colcon.colcon_core.package_identification:_identify(.) by extensions ['ros']
[2.708s] Level 1:colcon.colcon_core.package_identification:_identify(.) by extension 'ros'
[2.736s] Level 1:colcon.colcon_core.package_identification:_identify(.) by extensions ['cmake', 'python']
[2.736s] Level 1:colcon.colcon_core.package_identification:_identify(.) by extension 'cmake'
[2.736s] Level 1:colcon.colcon_core.package_identification:_identify(.) by extension 'python'
[2.736s] Level 1:colcon.colcon_core.package_identification:_identify(.) by extensions ['python_setup_py']
[2.736s] Level 1:colcon.colcon_core.package_identification:_identify(.) by extension 'python_setup_py'
[2.737s] Level 1:colcon.colcon_core.package_identification:_identify(build) by extensions ['ignore', 'ignore_ament_install']
[2.737s] Level 1:colcon.colcon_core.package_identification:_identify(build) by extension 'ignore'
[2.737s] Level 1:colcon.colcon_core.package_identification:_identify(build) ignored
[2.738s] Level 1:colcon.colcon_core.package_identification:_identify(install) by extensions ['ignore', 'ignore_ament_install']
[2.738s] Level 1:colcon.colcon_core.package_identification:_identify(install) by extension 'ignore'
[2.738s] Level 1:colcon.colcon_core.package_identification:_identify(install) ignored
[2.738s] Level 1:colcon.colcon_core.package_identification:_identify(log) by extensions ['ignore', 'ignore_ament_install']
[2.738s] Level 1:colcon.colcon_core.package_identification:_identify(log) by extension 'ignore'
[2.739s] Level 1:colcon.colcon_core.package_identification:_identify(log) ignored
[2.739s] Level 1:colcon.colcon_core.package_identification:_identify(src) by extensions ['ignore', 'ignore_ament_install']
[2.739s] Level 1:colcon.colcon_core.package_identification:_identify(src) by extension 'ignore'
[2.739s] Level 1:colcon.colcon_core.package_identification:_identify(src) by extension 'ignore_ament_install'
[2.740s] Level 1:colcon.colcon_core.package_identification:_identify(src) by extensions ['colcon_pkg']
[2.740s] Level 1:colcon.colcon_core.package_identification:_identify(src) by extension 'colcon_pkg'
[2.740s] Level 1:colcon.colcon_core.package_identification:_identify(src) by extensions ['colcon_meta']
[2.740s] Level 1:colcon.colcon_core.package_identification:_identify(src) by extension 'colcon_meta'
[2.740s] Level 1:colcon.colcon_core.package_identification:_identify(src) by extensions ['ros']
[2.740s] Level 1:colcon.colcon_core.package_identification:_identify(src) by extension 'ros'
[2.741s] Level 1:colcon.colcon_core.package_identification:_identify(src) by extensions ['cmake', 'python']
[2.741s] Level 1:colcon.colcon_core.package_identification:_identify(src) by extension 'cmake'
[2.741s] Level 1:colcon.colcon_core.package_identification:_identify(src) by extension 'python'
[2.741s] Level 1:colcon.colcon_core.package_identification:_identify(src) by extensions ['python_setup_py']
[2.741s] Level 1:colcon.colcon_core.package_identification:_identify(src) by extension 'python_setup_py'
[2.742s] Level 1:colcon.colcon_core.package_identification:_identify(src/sam_bot_description) by extensions ['ignore', 'ignore_ament_install']
[2.742s] Level 1:colcon.colcon_core.package_identification:_identify(src/sam_bot_description) by extension 'ignore'
[2.742s] Level 1:colcon.colcon_core.package_identification:_identify(src/sam_bot_description) by extension 'ignore_ament_install'
[2.742s] Level 1:colcon.colcon_core.package_identification:_identify(src/sam_bot_description) by extensions ['colcon_pkg']
[2.743s] Level 1:colcon.colcon_core.package_identification:_identify(src/sam_bot_description) by extension 'colcon_pkg'
[2.743s] Level 1:colcon.colcon_core.package_identification:_identify(src/sam_bot_description) by extensions ['colcon_meta']
[2.743s] Level 1:colcon.colcon_core.package_identification:_identify(src/sam_bot_description) by extension 'colcon_meta'
[2.743s] Level 1:colcon.colcon_core.package_identification:_identify(src/sam_bot_description) by extensions ['ros']
[2.743s] Level 1:colcon.colcon_core.package_identification:_identify(src/sam_bot_description) by extension 'ros'
[2.749s] DEBUG:colcon.colcon_core.package_identification:Package 'src/sam_bot_description' with type 'ros.ament_cmake' and name 'sam_bot_description'
[2.749s] Level 1:colcon.colcon_core.package_discovery:discover_packages(recursive) using defaults
[2.749s] Level 1:colcon.colcon_core.package_discovery:discover_packages(ignore) discover
[2.749s] Level 1:colcon.colcon_core.package_discovery:discover_packages(ignore) using defaults
[2.749s] Level 1:colcon.colcon_core.package_discovery:discover_packages(path) discover
[2.750s] Level 1:colcon.colcon_core.package_discovery:discover_packages(path) using defaults
[2.989s] Level 1:colcon.colcon_core.package_discovery:discover_packages(prefix_path) check parameters
[2.989s] Level 1:colcon.colcon_core.package_discovery:discover_packages(prefix_path) discover
[3.078s] DEBUG:colcon.colcon_installed_package_information.package_discovery:Found 1 installed packages in /home/johan/robot_ros2/install
[3.127s] DEBUG:colcon.colcon_installed_package_information.package_discovery:Found 370 installed packages in /opt/ros/humble
[3.131s] Level 1:colcon.colcon_core.package_discovery:discover_packages(prefix_path) using defaults
[3.428s] Level 5:colcon.colcon_core.verb:set package 'sam_bot_description' build argument 'cmake_args' from command line to 'None'
[3.428s] Level 5:colcon.colcon_core.verb:set package 'sam_bot_description' build argument 'cmake_target' from command line to 'None'
[3.428s] Level 5:colcon.colcon_core.verb:set package 'sam_bot_description' build argument 'cmake_target_skip_unavailable' from command line to 'False'
[3.428s] Level 5:colcon.colcon_core.verb:set package 'sam_bot_description' build argument 'cmake_clean_cache' from command line to 'False'
[3.428s] Level 5:colcon.colcon_core.verb:set package 'sam_bot_description' build argument 'cmake_clean_first' from command line to 'False'
[3.428s] Level 5:colcon.colcon_core.verb:set package 'sam_bot_description' build argument 'cmake_force_configure' from command line to 'False'
[3.429s] Level 5:colcon.colcon_core.verb:set package 'sam_bot_description' build argument 'ament_cmake_args' from command line to 'None'
[3.429s] Level 5:colcon.colcon_core.verb:set package 'sam_bot_description' build argument 'catkin_cmake_args' from command line to 'None'
[3.429s] Level 5:colcon.colcon_core.verb:set package 'sam_bot_description' build argument 'catkin_skip_building_tests' from command line to 'False'
[3.429s] DEBUG:colcon.colcon_core.verb:Building package 'sam_bot_description' with the following arguments: {'ament_cmake_args': None, 'build_base': '/home/johan/robot_ros2/build/sam_bot_description', 'catkin_cmake_args': None, 'catkin_skip_building_tests': False, 'cmake_args': None, 'cmake_clean_cache': False, 'cmake_clean_first': False, 'cmake_force_configure': False, 'cmake_target': None, 'cmake_target_skip_unavailable': False, 'install_base': '/home/johan/robot_ros2/install/sam_bot_description', 'merge_install': False, 'path': '/home/johan/robot_ros2/src/sam_bot_description', 'symlink_install': False, 'test_result_base': None}
[3.465s] INFO:colcon.colcon_core.executor:Executing jobs using 'parallel' executor
[3.508s] DEBUG:colcon.colcon_parallel_executor.executor.parallel:run_until_complete
[3.509s] INFO:colcon.colcon_ros.task.ament_cmake.build:Building ROS package in '/home/johan/robot_ros2/src/sam_bot_description' with build type 'ament_cmake'
[3.510s] INFO:colcon.colcon_cmake.task.cmake.build:Building CMake package in '/home/johan/robot_ros2/src/sam_bot_description'
[3.556s] INFO:colcon.colcon_core.plugin_system:Skipping extension 'colcon_core.shell.bat': Not used on non-Windows systems
[3.557s] INFO:colcon.colcon_core.shell:Skip shell extension 'powershell' for command environment: Not usable outside of PowerShell
[3.558s] DEBUG:colcon.colcon_core.shell:Skip shell extension 'dsv' for command environment
[3.716s] DEBUG:colcon.colcon_core.event_handler.log_command:Invoking command in '/home/johan/robot_ros2/build/sam_bot_description': CMAKE_PREFIX_PATH=${CMAKE_PREFIX_PATH}:/opt/ros/humble /usr/bin/cmake --build /home/johan/robot_ros2/build/sam_bot_description -- -j8 -l8
[4.360s] DEBUG:colcon.colcon_core.event_handler.log_command:Invoked command in '/home/johan/robot_ros2/build/sam_bot_description' returned '0': CMAKE_PREFIX_PATH=${CMAKE_PREFIX_PATH}:/opt/ros/humble /usr/bin/cmake --build /home/johan/robot_ros2/build/sam_bot_description -- -j8 -l8
[4.489s] DEBUG:colcon.colcon_core.event_handler.log_command:Invoking command in '/home/johan/robot_ros2/build/sam_bot_description': CMAKE_PREFIX_PATH=${CMAKE_PREFIX_PATH}:/opt/ros/humble /usr/bin/cmake --install /home/johan/robot_ros2/build/sam_bot_description
[4.520s] Level 1:colcon.colcon_core.environment:create_environment_scripts_only(sam_bot_description)
[4.522s] DEBUG:colcon.colcon_core.event_handler.log_command:Invoked command in '/home/johan/robot_ros2/build/sam_bot_description' returned '0': CMAKE_PREFIX_PATH=${CMAKE_PREFIX_PATH}:/opt/ros/humble /usr/bin/cmake --install /home/johan/robot_ros2/build/sam_bot_description
[4.569s] Level 1:colcon.colcon_core.environment:checking '/home/johan/robot_ros2/install/sam_bot_description' for CMake module files
[4.571s] Level 1:colcon.colcon_core.environment:checking '/home/johan/robot_ros2/install/sam_bot_description' for CMake config files
[4.572s] Level 1:colcon.colcon_core.shell:create_environment_hook('sam_bot_description', 'cmake_prefix_path')
[4.609s] INFO:colcon.colcon_core.shell:Creating environment hook '/home/johan/robot_ros2/install/sam_bot_description/share/sam_bot_description/hook/cmake_prefix_path.ps1'
[4.611s] INFO:colcon.colcon_core.shell:Creating environment descriptor '/home/johan/robot_ros2/install/sam_bot_description/share/sam_bot_description/hook/cmake_prefix_path.dsv'
[4.612s] INFO:colcon.colcon_core.shell:Creating environment hook '/home/johan/robot_ros2/install/sam_bot_description/share/sam_bot_description/hook/cmake_prefix_path.sh'
[4.615s] Level 1:colcon.colcon_core.environment:checking '/home/johan/robot_ros2/install/sam_bot_description/bin'
[4.615s] Level 1:colcon.colcon_core.environment:checking '/home/johan/robot_ros2/install/sam_bot_description/lib/pkgconfig/sam_bot_description.pc'
[4.616s] Level 1:colcon.colcon_core.environment:checking '/home/johan/robot_ros2/install/sam_bot_description/lib/python3.10/site-packages'
[4.616s] Level 1:colcon.colcon_core.environment:checking '/home/johan/robot_ros2/install/sam_bot_description/bin'
[4.659s] INFO:colcon.colcon_core.shell:Creating package script '/home/johan/robot_ros2/install/sam_bot_description/share/sam_bot_description/package.ps1'
[4.661s] INFO:colcon.colcon_core.shell:Creating package descriptor '/home/johan/robot_ros2/install/sam_bot_description/share/sam_bot_description/package.dsv'
[4.663s] INFO:colcon.colcon_core.shell:Creating package script '/home/johan/robot_ros2/install/sam_bot_description/share/sam_bot_description/package.sh'
[4.665s] INFO:colcon.colcon_core.shell:Creating package script '/home/johan/robot_ros2/install/sam_bot_description/share/sam_bot_description/package.bash'
[4.667s] INFO:colcon.colcon_core.shell:Creating package script '/home/johan/robot_ros2/install/sam_bot_description/share/sam_bot_description/package.zsh'
[4.669s] Level 1:colcon.colcon_core.environment:create_file_with_runtime_dependencies(/home/johan/robot_ros2/install/sam_bot_description/share/colcon-core/packages/sam_bot_description)
[4.827s] Level 1:colcon.colcon_core.environment:create_environment_scripts_only(sam_bot_description)
[4.868s] Level 1:colcon.colcon_core.environment:checking '/home/johan/robot_ros2/install/sam_bot_description' for CMake module files
[4.870s] Level 1:colcon.colcon_core.environment:checking '/home/johan/robot_ros2/install/sam_bot_description' for CMake config files
[4.872s] Level 1:colcon.colcon_core.shell:create_environment_hook('sam_bot_description', 'cmake_prefix_path')
[4.915s] INFO:colcon.colcon_core.shell:Creating environment hook '/home/johan/robot_ros2/install/sam_bot_description/share/sam_bot_description/hook/cmake_prefix_path.ps1'
[4.916s] INFO:colcon.colcon_core.shell:Creating environment descriptor '/home/johan/robot_ros2/install/sam_bot_description/share/sam_bot_description/hook/cmake_prefix_path.dsv'
[4.918s] INFO:colcon.colcon_core.shell:Creating environment hook '/home/johan/robot_ros2/install/sam_bot_description/share/sam_bot_description/hook/cmake_prefix_path.sh'
[4.919s] Level 1:colcon.colcon_core.environment:checking '/home/johan/robot_ros2/install/sam_bot_description/bin'
[4.920s] Level 1:colcon.colcon_core.environment:checking '/home/johan/robot_ros2/install/sam_bot_description/lib/pkgconfig/sam_bot_description.pc'
[4.920s] Level 1:colcon.colcon_core.environment:checking '/home/johan/robot_ros2/install/sam_bot_description/lib/python3.10/site-packages'
[4.921s] Level 1:colcon.colcon_core.environment:checking '/home/johan/robot_ros2/install/sam_bot_description/bin'
[4.962s] INFO:colcon.colcon_core.shell:Creating package script '/home/johan/robot_ros2/install/sam_bot_description/share/sam_bot_description/package.ps1'
[4.964s] INFO:colcon.colcon_core.shell:Creating package descriptor '/home/johan/robot_ros2/install/sam_bot_description/share/sam_bot_description/package.dsv'
[4.966s] INFO:colcon.colcon_core.shell:Creating package script '/home/johan/robot_ros2/install/sam_bot_description/share/sam_bot_description/package.sh'
[4.967s] INFO:colcon.colcon_core.shell:Creating package script '/home/johan/robot_ros2/install/sam_bot_description/share/sam_bot_description/package.bash'
[4.968s] INFO:colcon.colcon_core.shell:Creating package script '/home/johan/robot_ros2/install/sam_bot_description/share/sam_bot_description/package.zsh'
[4.970s] Level 1:colcon.colcon_core.environment:create_file_with_runtime_dependencies(/home/johan/robot_ros2/install/sam_bot_description/share/colcon-core/packages/sam_bot_description)
[4.971s] DEBUG:colcon.colcon_parallel_executor.executor.parallel:closing loop
[4.971s] DEBUG:colcon.colcon_parallel_executor.executor.parallel:loop closed
[4.972s] DEBUG:colcon.colcon_parallel_executor.executor.parallel:run_until_complete finished with '0'
[4.972s] DEBUG:colcon.colcon_core.event_reactor:joining thread
[5.023s] INFO:colcon.colcon_core.plugin_system:Skipping extension 'colcon_notification.desktop_notification.terminal_notifier': Not used on non-Darwin systems
[5.023s] INFO:colcon.colcon_core.plugin_system:Skipping extension 'colcon_notification.desktop_notification.win32': Not used on non-Windows systems
[5.023s] INFO:colcon.colcon_notification.desktop_notification:Sending desktop notification using 'notify2'
[5.052s] DEBUG:colcon.colcon_core.event_reactor:joined thread
[5.095s] INFO:colcon.colcon_core.shell:Creating prefix script '/home/johan/robot_ros2/install/local_setup.ps1'
[5.098s] INFO:colcon.colcon_core.shell:Creating prefix util module '/home/johan/robot_ros2/install/_local_setup_util_ps1.py'
[5.100s] INFO:colcon.colcon_core.shell:Creating prefix chain script '/home/johan/robot_ros2/install/setup.ps1'
[5.143s] INFO:colcon.colcon_core.shell:Creating prefix script '/home/johan/robot_ros2/install/local_setup.sh'
[5.144s] INFO:colcon.colcon_core.shell:Creating prefix util module '/home/johan/robot_ros2/install/_local_setup_util_sh.py'
[5.146s] INFO:colcon.colcon_core.shell:Creating prefix chain script '/home/johan/robot_ros2/install/setup.sh'
[5.188s] INFO:colcon.colcon_core.shell:Creating prefix script '/home/johan/robot_ros2/install/local_setup.bash'
[5.190s] INFO:colcon.colcon_core.shell:Creating prefix chain script '/home/johan/robot_ros2/install/setup.bash'
[5.238s] INFO:colcon.colcon_core.shell:Creating prefix script '/home/johan/robot_ros2/install/local_setup.zsh'
[5.239s] INFO:colcon.colcon_core.shell:Creating prefix chain script '/home/johan/robot_ros2/install/setup.zsh'
