[0.206s] Invoking command in '/home/johan/robot_ros2/build/sam_bot_description': CMAKE_PREFIX_PATH=${CMAKE_PREFIX_PATH}:/opt/ros/humble /usr/bin/cmake --build /home/johan/robot_ros2/build/sam_bot_description -- -j8 -l8
[0.262s] -- Found ament_cmake: 1.3.5 (/opt/ros/humble/share/ament_cmake/cmake)
[0.607s] -- Found ament_lint_auto: 0.12.8 (/opt/ros/humble/share/ament_lint_auto/cmake)
[0.768s] -- Added test 'flake8' to check Python code syntax and style conventions
[0.769s] -- Added test 'lint_cmake' to check CMake code style
[0.770s] -- Added test 'pep257' to check Python code against some of the docstring style conventions in PEP 257
[0.775s] -- Added test 'xmllint' to check XML markup files
[0.778s] -- Configuring done
[0.786s] -- Generating done
[0.790s] -- Build files have been written to: /home/johan/robot_ros2/build/sam_bot_description
[0.850s] Invoked command in '/home/johan/robot_ros2/build/sam_bot_description' returned '0': CMAKE_PREFIX_PATH=${CMAKE_PREFIX_PATH}:/opt/ros/humble /usr/bin/cmake --build /home/johan/robot_ros2/build/sam_bot_description -- -j8 -l8
[0.978s] Invoking command in '/home/johan/robot_ros2/build/sam_bot_description': CMAKE_PREFIX_PATH=${CMAKE_PREFIX_PATH}:/opt/ros/humble /usr/bin/cmake --install /home/johan/robot_ros2/build/sam_bot_description
[0.999s] -- Install configuration: ""
[0.999s] -- Up-to-date: /home/johan/robot_ros2/install/sam_bot_description/share/sam_bot_description/src
[1.000s] -- Up-to-date: /home/johan/robot_ros2/install/sam_bot_description/share/sam_bot_description/src/description
[1.000s] -- Installing: /home/johan/robot_ros2/install/sam_bot_description/share/sam_bot_description/src/description/sam_bot_description.urdf
[1.001s] -- Up-to-date: /home/johan/robot_ros2/install/sam_bot_description/share/sam_bot_description/launch
[1.001s] -- Installing: /home/johan/robot_ros2/install/sam_bot_description/share/sam_bot_description/launch/display.launch.py
[1.001s] -- Up-to-date: /home/johan/robot_ros2/install/sam_bot_description/share/sam_bot_description/rviz
[1.002s] -- Up-to-date: /home/johan/robot_ros2/install/sam_bot_description/share/sam_bot_description/rviz/urdf_config.rviz
[1.002s] -- Up-to-date: /home/johan/robot_ros2/install/sam_bot_description/share/sam_bot_description/config
[1.002s] -- Up-to-date: /home/johan/robot_ros2/install/sam_bot_description/share/sam_bot_description/config/ekf.yaml
[1.003s] -- Installing: /home/johan/robot_ros2/install/sam_bot_description/share/sam_bot_description/world
[1.003s] -- Installing: /home/johan/robot_ros2/install/sam_bot_description/share/sam_bot_description/world/my_world.sdf
[1.003s] -- Up-to-date: /home/johan/robot_ros2/install/sam_bot_description/share/ament_index/resource_index/package_run_dependencies/sam_bot_description
[1.004s] -- Up-to-date: /home/johan/robot_ros2/install/sam_bot_description/share/ament_index/resource_index/parent_prefix_path/sam_bot_description
[1.004s] -- Up-to-date: /home/johan/robot_ros2/install/sam_bot_description/share/sam_bot_description/environment/ament_prefix_path.sh
[1.004s] -- Installing: /home/johan/robot_ros2/install/sam_bot_description/share/sam_bot_description/environment/ament_prefix_path.dsv
[1.004s] -- Up-to-date: /home/johan/robot_ros2/install/sam_bot_description/share/sam_bot_description/environment/path.sh
[1.005s] -- Installing: /home/johan/robot_ros2/install/sam_bot_description/share/sam_bot_description/environment/path.dsv
[1.006s] -- Up-to-date: /home/johan/robot_ros2/install/sam_bot_description/share/sam_bot_description/local_setup.bash
[1.006s] -- Up-to-date: /home/johan/robot_ros2/install/sam_bot_description/share/sam_bot_description/local_setup.sh
[1.006s] -- Up-to-date: /home/johan/robot_ros2/install/sam_bot_description/share/sam_bot_description/local_setup.zsh
[1.006s] -- Installing: /home/johan/robot_ros2/install/sam_bot_description/share/sam_bot_description/local_setup.dsv
[1.006s] -- Installing: /home/johan/robot_ros2/install/sam_bot_description/share/sam_bot_description/package.dsv
[1.007s] -- Up-to-date: /home/johan/robot_ros2/install/sam_bot_description/share/ament_index/resource_index/packages/sam_bot_description
[1.007s] -- Up-to-date: /home/johan/robot_ros2/install/sam_bot_description/share/sam_bot_description/cmake/sam_bot_descriptionConfig.cmake
[1.007s] -- Up-to-date: /home/johan/robot_ros2/install/sam_bot_description/share/sam_bot_description/cmake/sam_bot_descriptionConfig-version.cmake
[1.007s] -- Up-to-date: /home/johan/robot_ros2/install/sam_bot_description/share/sam_bot_description/package.xml
[1.011s] Invoked command in '/home/johan/robot_ros2/build/sam_bot_description' returned '0': CMAKE_PREFIX_PATH=${CMAKE_PREFIX_PATH}:/opt/ros/humble /usr/bin/cmake --install /home/johan/robot_ros2/build/sam_bot_description
