[0.148s] Invoking command in '/home/johan/robot_ros2/build/sam_bot_description': CMAKE_PREFIX_PATH=/opt/ros/humble /usr/bin/cmake /home/johan/robot_ros2/src/sam_bot_description -DCMAKE_INSTALL_PREFIX=/home/johan/robot_ros2/install/sam_bot_description
[0.488s] -- The C compiler identification is GNU 11.4.0
[0.680s] -- The CXX compiler identification is GNU 11.4.0
[0.707s] -- Detecting C compiler ABI info
[0.981s] -- Detecting C compiler ABI info - done
[0.997s] -- Check for working C compiler: /usr/bin/cc - skipped
[0.997s] -- Detecting C compile features
[0.998s] -- Detecting C compile features - done
[1.005s] -- Detecting CXX compiler ABI info
[1.253s] -- Detecting CXX compiler ABI info - done
[1.270s] -- Check for working CXX compiler: /usr/bin/c++ - skipped
[1.270s] -- Detecting CXX compile features
[1.271s] -- Detecting CXX compile features - done
[1.276s] -- Found ament_cmake: 1.3.5 (/opt/ros/humble/share/ament_cmake/cmake)
[1.661s] -- Found Python3: /usr/bin/python3.10 (found version "3.10.12") found components: Interpreter 
[1.862s] -- Found ament_lint_auto: 0.12.8 (/opt/ros/humble/share/ament_lint_auto/cmake)
[2.036s] -- Added test 'flake8' to check Python code syntax and style conventions
[2.038s] -- Added test 'lint_cmake' to check CMake code style
[2.039s] -- Added test 'pep257' to check Python code against some of the docstring style conventions in PEP 257
[2.043s] -- Added test 'xmllint' to check XML markup files
[2.046s] -- Configuring done
[2.054s] -- Generating done
[2.057s] -- Build files have been written to: /home/johan/robot_ros2/build/sam_bot_description
[2.066s] Invoked command in '/home/johan/robot_ros2/build/sam_bot_description' returned '0': CMAKE_PREFIX_PATH=/opt/ros/humble /usr/bin/cmake /home/johan/robot_ros2/src/sam_bot_description -DCMAKE_INSTALL_PREFIX=/home/johan/robot_ros2/install/sam_bot_description
[2.072s] Invoking command in '/home/johan/robot_ros2/build/sam_bot_description': CMAKE_PREFIX_PATH=/opt/ros/humble /usr/bin/cmake --build /home/johan/robot_ros2/build/sam_bot_description -- -j8 -l8
[2.182s] Invoked command in '/home/johan/robot_ros2/build/sam_bot_description' returned '0': CMAKE_PREFIX_PATH=/opt/ros/humble /usr/bin/cmake --build /home/johan/robot_ros2/build/sam_bot_description -- -j8 -l8
[2.311s] Invoking command in '/home/johan/robot_ros2/build/sam_bot_description': CMAKE_PREFIX_PATH=/opt/ros/humble /usr/bin/cmake --install /home/johan/robot_ros2/build/sam_bot_description
[2.331s] -- Install configuration: ""
[2.332s] -- Installing: /home/johan/robot_ros2/install/sam_bot_description/share/sam_bot_description/src
[2.332s] -- Installing: /home/johan/robot_ros2/install/sam_bot_description/share/sam_bot_description/src/description
[2.333s] -- Installing: /home/johan/robot_ros2/install/sam_bot_description/share/sam_bot_description/src/description/sam_bot_description.urdf
[2.334s] -- Installing: /home/johan/robot_ros2/install/sam_bot_description/share/sam_bot_description/launch
[2.334s] -- Installing: /home/johan/robot_ros2/install/sam_bot_description/share/sam_bot_description/launch/display.launch.py
[2.334s] -- Installing: /home/johan/robot_ros2/install/sam_bot_description/share/sam_bot_description/rviz
[2.335s] -- Installing: /home/johan/robot_ros2/install/sam_bot_description/share/sam_bot_description/rviz/urdf_config.rviz
[2.335s] -- Installing: /home/johan/robot_ros2/install/sam_bot_description/share/ament_index/resource_index/package_run_dependencies/sam_bot_description
[2.335s] -- Installing: /home/johan/robot_ros2/install/sam_bot_description/share/ament_index/resource_index/parent_prefix_path/sam_bot_description
[2.336s] -- Installing: /home/johan/robot_ros2/install/sam_bot_description/share/sam_bot_description/environment/ament_prefix_path.sh
[2.336s] -- Installing: /home/johan/robot_ros2/install/sam_bot_description/share/sam_bot_description/environment/ament_prefix_path.dsv
[2.336s] -- Installing: /home/johan/robot_ros2/install/sam_bot_description/share/sam_bot_description/environment/path.sh
[2.337s] -- Installing: /home/johan/robot_ros2/install/sam_bot_description/share/sam_bot_description/environment/path.dsv
[2.337s] -- Installing: /home/johan/robot_ros2/install/sam_bot_description/share/sam_bot_description/local_setup.bash
[2.338s] -- Installing: /home/johan/robot_ros2/install/sam_bot_description/share/sam_bot_description/local_setup.sh
[2.338s] -- Installing: /home/johan/robot_ros2/install/sam_bot_description/share/sam_bot_description/local_setup.zsh
[2.338s] -- Installing: /home/johan/robot_ros2/install/sam_bot_description/share/sam_bot_description/local_setup.dsv
[2.339s] -- Installing: /home/johan/robot_ros2/install/sam_bot_description/share/sam_bot_description/package.dsv
[2.339s] -- Installing: /home/johan/robot_ros2/install/sam_bot_description/share/ament_index/resource_index/packages/sam_bot_description
[2.340s] -- Installing: /home/johan/robot_ros2/install/sam_bot_description/share/sam_bot_description/cmake/sam_bot_descriptionConfig.cmake
[2.341s] -- Installing: /home/johan/robot_ros2/install/sam_bot_description/share/sam_bot_description/cmake/sam_bot_descriptionConfig-version.cmake
[2.341s] -- Installing: /home/johan/robot_ros2/install/sam_bot_description/share/sam_bot_description/package.xml
[2.346s] Invoked command in '/home/johan/robot_ros2/build/sam_bot_description' returned '0': CMAKE_PREFIX_PATH=/opt/ros/humble /usr/bin/cmake --install /home/johan/robot_ros2/build/sam_bot_description
